2025-08-04 12:26:23.885+0000 INFO  Logging config in use: Embedded default config 'default-user-logs.xml'
2025-08-04 12:26:23.900+0000 INFO  Starting...
2025-08-04 12:26:25.083+0000 INFO  This instance is ServerId{216de70b} (216de70b-995e-401d-b254-7f5b902216f9)
2025-08-04 12:26:26.934+0000 INFO  ======== Neo4j 2025.06.0 ========
2025-08-04 12:26:29.135+0000 INFO  Anonymous Usage Data is being sent to Neo4j, see https://neo4j.com/docs/usage-data/
2025-08-04 12:26:30.049+0000 INFO  Bolt enabled on 0.0.0.0:7687.
2025-08-04 12:26:31.460+0000 INFO  HTTP enabled on 0.0.0.0:7474.
2025-08-04 12:26:31.461+0000 INFO  Remote interface available at http://localhost:7474/
2025-08-04 12:26:31.468+0000 INFO  id: D691ECB5A030D1C34356909E8880498557CD95759D28D2DD92554181FE9AA7A8
2025-08-04 12:26:31.469+0000 INFO  name: system
2025-08-04 12:26:31.469+0000 INFO  creationDate: 2025-08-04T12:26:28.334Z
2025-08-04 12:26:31.469+0000 INFO  Started.
2025-08-04 12:28:28.296+0000 INFO  Neo4j Server shutdown initiated by request
2025-08-04 12:28:28.298+0000 INFO  Stopping...
2025-08-04 12:31:32.858+0000 INFO  Logging config in use: Embedded default config 'default-user-logs.xml'
2025-08-04 12:31:32.869+0000 INFO  Starting...
2025-08-04 12:31:34.231+0000 INFO  This instance is ServerId{216de70b} (216de70b-995e-401d-b254-7f5b902216f9)
2025-08-04 12:31:35.539+0000 INFO  ======== Neo4j 2025.06.0 ========
2025-08-04 12:31:37.487+0000 INFO  Anonymous Usage Data is being sent to Neo4j, see https://neo4j.com/docs/usage-data/
2025-08-04 12:31:37.714+0000 INFO  Bolt enabled on 0.0.0.0:7687.
2025-08-04 12:31:38.919+0000 INFO  HTTP enabled on 0.0.0.0:7474.
2025-08-04 12:31:38.920+0000 INFO  Remote interface available at http://localhost:7474/
2025-08-04 12:31:38.922+0000 INFO  id: D691ECB5A030D1C34356909E8880498557CD95759D28D2DD92554181FE9AA7A8
2025-08-04 12:31:38.923+0000 INFO  name: system
2025-08-04 12:31:38.923+0000 INFO  creationDate: 2025-08-04T12:26:28.334Z
2025-08-04 12:31:38.923+0000 INFO  Started.
2025-08-04 12:32:28.703+0000 INFO  Neo4j Server shutdown initiated by request
2025-08-04 12:32:28.704+0000 INFO  Stopping...
2025-08-04 12:33:08.016+0000 INFO  Logging config in use: Embedded default config 'default-user-logs.xml'
2025-08-04 12:33:08.025+0000 INFO  Starting...
2025-08-04 12:33:09.633+0000 INFO  This instance is ServerId{216de70b} (216de70b-995e-401d-b254-7f5b902216f9)
2025-08-04 12:33:11.447+0000 INFO  ======== Neo4j 2025.06.0 ========
2025-08-04 12:33:13.720+0000 INFO  Anonymous Usage Data is being sent to Neo4j, see https://neo4j.com/docs/usage-data/
2025-08-04 12:33:13.976+0000 INFO  Bolt enabled on 0.0.0.0:7687.
2025-08-04 12:33:14.841+0000 INFO  HTTP enabled on 0.0.0.0:7474.
2025-08-04 12:33:14.843+0000 INFO  Remote interface available at http://localhost:7474/
2025-08-04 12:33:14.846+0000 INFO  id: D691ECB5A030D1C34356909E8880498557CD95759D28D2DD92554181FE9AA7A8
2025-08-04 12:33:14.847+0000 INFO  name: system
2025-08-04 12:33:14.848+0000 INFO  creationDate: 2025-08-04T12:26:28.334Z
2025-08-04 12:33:14.848+0000 INFO  Started.
2025-08-04 12:40:21.047+0000 INFO  Neo4j Server shutdown initiated by request
2025-08-04 12:40:21.048+0000 INFO  Stopping...
2025-08-04 12:40:51.223+0000 INFO  Logging config in use: Embedded default config 'default-user-logs.xml'
2025-08-04 12:40:51.241+0000 INFO  Starting...
2025-08-04 12:40:53.029+0000 INFO  This instance is ServerId{216de70b} (216de70b-995e-401d-b254-7f5b902216f9)
2025-08-04 12:40:55.022+0000 INFO  ======== Neo4j 2025.06.0 ========
2025-08-04 12:40:57.340+0000 INFO  Anonymous Usage Data is being sent to Neo4j, see https://neo4j.com/docs/usage-data/
2025-08-04 12:40:57.666+0000 INFO  Bolt enabled on 0.0.0.0:7687.
2025-08-04 12:40:58.645+0000 INFO  HTTP enabled on 0.0.0.0:7474.
2025-08-04 12:40:58.646+0000 INFO  Remote interface available at http://localhost:7474/
2025-08-04 12:40:58.651+0000 INFO  id: D691ECB5A030D1C34356909E8880498557CD95759D28D2DD92554181FE9AA7A8
2025-08-04 12:40:58.651+0000 INFO  name: system
2025-08-04 12:40:58.652+0000 INFO  creationDate: 2025-08-04T12:26:28.334Z
2025-08-04 12:40:58.652+0000 INFO  Started.
2025-08-04 18:30:08.555+0000 INFO  Neo4j Server shutdown initiated by request
2025-08-04 18:30:08.557+0000 INFO  Stopping...
